<html>
<head>
<title>TestNG:  MyFirstTest</title>
<link href="../testng.css" rel="stylesheet" type="text/css" />
<link href="../my-testng.css" rel="stylesheet" type="text/css" />

<style type="text/css">
.log { display: none;} 
.stack-trace { display: none;} 
</style>
<script type="text/javascript">
<!--
function flip(e) {
  current = e.style.display;
  if (current == 'block') {
    e.style.display = 'none';
    return 0;
  }
  else {
    e.style.display = 'block';
    return 1;
  }
}

function toggleBox(szDivId, elem, msg1, msg2)
{
  var res = -1;  if (document.getElementById) {
    res = flip(document.getElementById(szDivId));
  }
  else if (document.all) {
    // this is the way old msie versions work
    res = flip(document.all[szDivId]);
  }
  if(elem) {
    if(res == 0) elem.innerHTML = msg1; else elem.innerHTML = msg2;
  }

}

function toggleAllBoxes() {
  if (document.getElementsByTagName) {
    d = document.getElementsByTagName('div');
    for (i = 0; i < d.length; i++) {
      if (d[i].className == 'log') {
        flip(d[i]);
      }
    }
  }
}

// -->
</script>

</head>
<body>
<h2 align='center'>MyFirstTest</h2><table border='1' align="center">
<tr>
<td>Tests passed/Failed/Skipped:</td><td>8/1/1</td>
</tr><tr>
<td>Started on:</td><td>Mon Jul 02 21:42:37 IST 2018</td>
</tr>
<tr><td>Total time:</td><td>71 seconds (71702 ms)</td>
</tr><tr>
<td>Included groups:</td><td></td>
</tr><tr>
<td>Excluded groups:</td><td></td>
</tr>
</table><p/>
<small><i>(Hover the method name to see the test class name)</i></small><p/>
<table width='100%' border='1' class='invocation-failed'>
<tr><td colspan='4' align='center'><b>FAILED TESTS</b></td></tr>
<tr><td><b>Test method</b></td>
<td width="30%"><b>Exception</b></td>
<td width="10%"><b>Time (seconds)</b></td>
<td><b>Instance</b></td>
</tr>
<tr>
<td title='SeleniumFirstProject.SeleniumWDFirstProject.TestNGDependOnMenthod.test1()'><b>test1</b><br>Test class: SeleniumFirstProject.SeleniumWDFirstProject.TestNGDependOnMenthod</td>
<td><div><pre>java.lang.ArithmeticException: / by zero
	at SeleniumFirstProject.SeleniumWDFirstProject.TestNGDependOnMenthod.test1(TestNGDependOnMenthod.java:9)
... Removed 25 stack frames</pre></div><a href='#' onClick='toggleBox("stack-trace1640899500", this, "Click to show all stack frames", "Click to hide stack frames")'>Click to show all stack frames</a>
<div class='stack-trace' id='stack-trace1640899500'><pre>java.lang.ArithmeticException: / by zero
	at SeleniumFirstProject.SeleniumWDFirstProject.TestNGDependOnMenthod.test1(TestNGDependOnMenthod.java:9)
	at sun.reflect.NativeMethodAccessorImpl.invoke0(Native Method)
	at sun.reflect.NativeMethodAccessorImpl.invoke(NativeMethodAccessorImpl.java:62)
	at sun.reflect.DelegatingMethodAccessorImpl.invoke(DelegatingMethodAccessorImpl.java:43)
	at java.lang.reflect.Method.invoke(Method.java:498)
	at org.testng.internal.MethodInvocationHelper.invokeMethod(MethodInvocationHelper.java:104)
	at org.testng.internal.Invoker.invokeMethod(Invoker.java:645)
	at org.testng.internal.Invoker.invokeTestMethod(Invoker.java:851)
	at org.testng.internal.Invoker.invokeTestMethods(Invoker.java:1177)
	at org.testng.internal.TestMethodWorker.invokeTestMethods(TestMethodWorker.java:129)
	at org.testng.internal.TestMethodWorker.run(TestMethodWorker.java:112)
	at org.testng.TestRunner.privateRun(TestRunner.java:756)
	at org.testng.TestRunner.run(TestRunner.java:610)
	at org.testng.SuiteRunner.runTest(SuiteRunner.java:387)
	at org.testng.SuiteRunner.runSequentially(SuiteRunner.java:382)
	at org.testng.SuiteRunner.privateRun(SuiteRunner.java:340)
	at org.testng.SuiteRunner.run(SuiteRunner.java:289)
	at org.testng.SuiteRunnerWorker.runSuite(SuiteRunnerWorker.java:52)
	at org.testng.SuiteRunnerWorker.run(SuiteRunnerWorker.java:86)
	at org.testng.TestNG.runSuitesSequentially(TestNG.java:1293)
	at org.testng.TestNG.runSuitesLocally(TestNG.java:1218)
	at org.testng.TestNG.runSuites(TestNG.java:1133)
	at org.testng.TestNG.run(TestNG.java:1104)
	at org.testng.remote.AbstractRemoteTestNG.run(AbstractRemoteTestNG.java:114)
	at org.testng.remote.RemoteTestNG.initAndRun(RemoteTestNG.java:251)
	at org.testng.remote.RemoteTestNG.main(RemoteTestNG.java:77)
</pre></div></td>
<td>0</td>
<td>SeleniumFirstProject.SeleniumWDFirstProject.TestNGDependOnMenthod@724af044</td></tr>
</table><p>
<table width='100%' border='1' class='invocation-passed'>
<tr><td colspan='4' align='center'><b>PASSED TESTS</b></td></tr>
<tr><td><b>Test method</b></td>
<td width="30%"><b>Exception</b></td>
<td width="10%"><b>Time (seconds)</b></td>
<td><b>Instance</b></td>
</tr>
<tr>
<td title='SeleniumFirstProject.SeleniumWDFirstProject.ExceptionTimeOutTest.NoFormatexceptionTest()'><b>NoFormatexceptionTest</b><br>Test class: SeleniumFirstProject.SeleniumWDFirstProject.ExceptionTimeOutTest</td>
<td><div><pre>java.lang.NumberFormatException: For input string: &quot;100A&quot;
	at java.lang.NumberFormatException.forInputString(NumberFormatException.java:65)
	at java.lang.Integer.parseInt(Integer.java:580)
	at java.lang.Integer.parseInt(Integer.java:615)
	at SeleniumFirstProject.SeleniumWDFirstProject.ExceptionTimeOutTest.NoFormatexceptionTest(ExceptionTimeOutTest.java:17)
... Removed 25 stack frames</pre></div><a href='#' onClick='toggleBox("stack-trace1275028674", this, "Click to show all stack frames", "Click to hide stack frames")'>Click to show all stack frames</a>
<div class='stack-trace' id='stack-trace1275028674'><pre>java.lang.NumberFormatException: For input string: &quot;100A&quot;
	at java.lang.NumberFormatException.forInputString(NumberFormatException.java:65)
	at java.lang.Integer.parseInt(Integer.java:580)
	at java.lang.Integer.parseInt(Integer.java:615)
	at SeleniumFirstProject.SeleniumWDFirstProject.ExceptionTimeOutTest.NoFormatexceptionTest(ExceptionTimeOutTest.java:17)
	at sun.reflect.NativeMethodAccessorImpl.invoke0(Native Method)
	at sun.reflect.NativeMethodAccessorImpl.invoke(NativeMethodAccessorImpl.java:62)
	at sun.reflect.DelegatingMethodAccessorImpl.invoke(DelegatingMethodAccessorImpl.java:43)
	at java.lang.reflect.Method.invoke(Method.java:498)
	at org.testng.internal.MethodInvocationHelper.invokeMethod(MethodInvocationHelper.java:104)
	at org.testng.internal.Invoker.invokeMethod(Invoker.java:645)
	at org.testng.internal.Invoker.invokeTestMethod(Invoker.java:851)
	at org.testng.internal.Invoker.invokeTestMethods(Invoker.java:1177)
	at org.testng.internal.TestMethodWorker.invokeTestMethods(TestMethodWorker.java:129)
	at org.testng.internal.TestMethodWorker.run(TestMethodWorker.java:112)
	at org.testng.TestRunner.privateRun(TestRunner.java:756)
	at org.testng.TestRunner.run(TestRunner.java:610)
	at org.testng.SuiteRunner.runTest(SuiteRunner.java:387)
	at org.testng.SuiteRunner.runSequentially(SuiteRunner.java:382)
	at org.testng.SuiteRunner.privateRun(SuiteRunner.java:340)
	at org.testng.SuiteRunner.run(SuiteRunner.java:289)
	at org.testng.SuiteRunnerWorker.runSuite(SuiteRunnerWorker.java:52)
	at org.testng.SuiteRunnerWorker.run(SuiteRunnerWorker.java:86)
	at org.testng.TestNG.runSuitesSequentially(TestNG.java:1293)
	at org.testng.TestNG.runSuitesLocally(TestNG.java:1218)
	at org.testng.TestNG.runSuites(TestNG.java:1133)
	at org.testng.TestNG.run(TestNG.java:1104)
	at org.testng.remote.AbstractRemoteTestNG.run(AbstractRemoteTestNG.java:114)
	at org.testng.remote.RemoteTestNG.initAndRun(RemoteTestNG.java:251)
	at org.testng.remote.RemoteTestNG.main(RemoteTestNG.java:77)
</pre></div></td>
<td>0</td>
<td>SeleniumFirstProject.SeleniumWDFirstProject.ExceptionTimeOutTest@5c7fa833</td></tr>
<tr>
<td title='SeleniumFirstProject.SeleniumWDFirstProject.ExceptionTimeOutTest.enableTest()'><b>enableTest</b><br>Test class: SeleniumFirstProject.SeleniumWDFirstProject.ExceptionTimeOutTest</td>
<td></td>
<td>0</td>
<td>SeleniumFirstProject.SeleniumWDFirstProject.ExceptionTimeOutTest@5c7fa833</td></tr>
<tr>
<td title='SeleniumFirstProject.SeleniumWDFirstProject.GoogleTest.getTitle()'><b>getTitle</b><br>Test class: SeleniumFirstProject.SeleniumWDFirstProject.GoogleTest</td>
<td></td>
<td>0</td>
<td>SeleniumFirstProject.SeleniumWDFirstProject.GoogleTest@39aeed2f</td></tr>
<tr>
<td title='SeleniumFirstProject.SeleniumWDFirstProject.GoogleTest.getTitle()'><b>getTitle</b><br>Test class: SeleniumFirstProject.SeleniumWDFirstProject.GoogleTest</td>
<td></td>
<td>0</td>
<td>SeleniumFirstProject.SeleniumWDFirstProject.GoogleTest@39aeed2f</td></tr>
<tr>
<td title='SeleniumFirstProject.SeleniumWDFirstProject.GoogleTest.getTitle()'><b>getTitle</b><br>Test class: SeleniumFirstProject.SeleniumWDFirstProject.GoogleTest</td>
<td></td>
<td>0</td>
<td>SeleniumFirstProject.SeleniumWDFirstProject.GoogleTest@39aeed2f</td></tr>
<tr>
<td title='SeleniumFirstProject.SeleniumWDFirstProject.GoogleTest.gmailLinkTest()'><b>gmailLinkTest</b><br>Test class: SeleniumFirstProject.SeleniumWDFirstProject.GoogleTest</td>
<td></td>
<td>0</td>
<td>SeleniumFirstProject.SeleniumWDFirstProject.GoogleTest@39aeed2f</td></tr>
<tr>
<td title='SeleniumFirstProject.SeleniumWDFirstProject.GoogleTest.googleLogoTest()'><b>googleLogoTest</b><br>Test class: SeleniumFirstProject.SeleniumWDFirstProject.GoogleTest</td>
<td></td>
<td>0</td>
<td>SeleniumFirstProject.SeleniumWDFirstProject.GoogleTest@39aeed2f</td></tr>
<tr>
<td title='SeleniumFirstProject.SeleniumWDFirstProject.TestNGConcept.login()'><b>login</b><br>Test class: SeleniumFirstProject.SeleniumWDFirstProject.TestNGConcept</td>
<td></td>
<td>8</td>
<td>SeleniumFirstProject.SeleniumWDFirstProject.TestNGConcept@457e2f02</td></tr>
</table><p>
<table width='100%' border='1' class='invocation-skipped'>
<tr><td colspan='4' align='center'><b>SKIPPED TESTS</b></td></tr>
<tr><td><b>Test method</b></td>
<td width="30%"><b>Exception</b></td>
<td width="10%"><b>Time (seconds)</b></td>
<td><b>Instance</b></td>
</tr>
<tr>
<td title='SeleniumFirstProject.SeleniumWDFirstProject.TestNGDependOnMenthod.test2()'><b>test2</b><br>Test class: SeleniumFirstProject.SeleniumWDFirstProject.TestNGDependOnMenthod</td>
<td><div><pre>java.lang.Throwable: Method TestNGDependOnMenthod.test2()[pri:0, instance:SeleniumFirstProject.SeleniumWDFirstProject.TestNGDependOnMenthod@724af044] depends on not successfully finished methods
... Removed 18 stack frames</pre></div><a href='#' onClick='toggleBox("stack-trace473666452", this, "Click to show all stack frames", "Click to hide stack frames")'>Click to show all stack frames</a>
<div class='stack-trace' id='stack-trace473666452'><pre>java.lang.Throwable: Method TestNGDependOnMenthod.test2()[pri:0, instance:SeleniumFirstProject.SeleniumWDFirstProject.TestNGDependOnMenthod@724af044] depends on not successfully finished methods
	at org.testng.internal.Invoker.invokeTestMethods(Invoker.java:1068)
	at org.testng.internal.TestMethodWorker.invokeTestMethods(TestMethodWorker.java:129)
	at org.testng.internal.TestMethodWorker.run(TestMethodWorker.java:112)
	at org.testng.TestRunner.privateRun(TestRunner.java:756)
	at org.testng.TestRunner.run(TestRunner.java:610)
	at org.testng.SuiteRunner.runTest(SuiteRunner.java:387)
	at org.testng.SuiteRunner.runSequentially(SuiteRunner.java:382)
	at org.testng.SuiteRunner.privateRun(SuiteRunner.java:340)
	at org.testng.SuiteRunner.run(SuiteRunner.java:289)
	at org.testng.SuiteRunnerWorker.runSuite(SuiteRunnerWorker.java:52)
	at org.testng.SuiteRunnerWorker.run(SuiteRunnerWorker.java:86)
	at org.testng.TestNG.runSuitesSequentially(TestNG.java:1293)
	at org.testng.TestNG.runSuitesLocally(TestNG.java:1218)
	at org.testng.TestNG.runSuites(TestNG.java:1133)
	at org.testng.TestNG.run(TestNG.java:1104)
	at org.testng.remote.AbstractRemoteTestNG.run(AbstractRemoteTestNG.java:114)
	at org.testng.remote.RemoteTestNG.initAndRun(RemoteTestNG.java:251)
	at org.testng.remote.RemoteTestNG.main(RemoteTestNG.java:77)
</pre></div></td>
<td>0</td>
<td>null</td></tr>
</table><p>
</body>
</html>