<?xml version="1.0" encoding="UTF-8"?>
<testng-results skipped="1" failed="1" ignored="0" total="10" passed="8">
  <reporter-output>
  </reporter-output>
  <suite name="MyFirstSuite" duration-ms="71702" started-at="2018-07-02T16:12:37Z" finished-at="2018-07-02T16:13:49Z">
    <groups>
      <group name="Title">
        <method signature="GoogleTest.getTitle()[pri:1, instance:SeleniumFirstProject.SeleniumWDFirstProject.GoogleTest@39aeed2f]" name="getTitle" class="SeleniumFirstProject.SeleniumWDFirstProject.GoogleTest"/>
      </group> <!-- Title -->
      <group name="Logo , Title">
        <method signature="GoogleTest.gmailLinkTest()[pri:2, instance:SeleniumFirstProject.SeleniumWDFirstProject.GoogleTest@39aeed2f]" name="gmailLinkTest" class="SeleniumFirstProject.SeleniumWDFirstProject.GoogleTest"/>
      </group> <!-- Logo , Title -->
      <group name="Logo">
        <method signature="GoogleTest.googleLogoTest()[pri:3, instance:SeleniumFirstProject.SeleniumWDFirstProject.GoogleTest@39aeed2f]" name="googleLogoTest" class="SeleniumFirstProject.SeleniumWDFirstProject.GoogleTest"/>
      </group> <!-- Logo -->
    </groups>
    <test name="MyFirstTest" duration-ms="71702" started-at="2018-07-02T16:12:37Z" finished-at="2018-07-02T16:13:49Z">
      <class name="SeleniumFirstProject.SeleniumWDFirstProject.TestNGConcept">
        <test-method status="PASS" signature="setup()[pri:0, instance:SeleniumFirstProject.SeleniumWDFirstProject.TestNGConcept@457e2f02]" name="setup" is-config="true" duration-ms="654" started-at="2018-07-02T21:42:37Z" finished-at="2018-07-02T21:42:38Z">
          <reporter-output>
          </reporter-output>
        </test-method> <!-- setup -->
        <test-method status="PASS" signature="login()[pri:0, instance:SeleniumFirstProject.SeleniumWDFirstProject.TestNGConcept@457e2f02]" name="login" duration-ms="8458" started-at="2018-07-02T21:42:38Z" finished-at="2018-07-02T21:42:46Z">
          <reporter-output>
          </reporter-output>
        </test-method> <!-- login -->
        <test-method status="PASS" signature="tearDown(org.testng.ITestResult)[pri:0, instance:SeleniumFirstProject.SeleniumWDFirstProject.TestNGConcept@457e2f02]" name="tearDown" is-config="true" duration-ms="1640" started-at="2018-07-02T21:42:46Z" finished-at="2018-07-02T21:42:48Z">
          <params>
            <param index="0">
              <value>
                <![CDATA[[TestResult name=login status=SUCCESS method=TestNGConcept.login()[pri:0, instance:SeleniumFirstProject.SeleniumWDFirstProject.TestNGConcept@457e2f02] output={null}]]]>
              </value>
            </param>
          </params>
          <reporter-output>
          </reporter-output>
        </test-method> <!-- tearDown -->
      </class> <!-- SeleniumFirstProject.SeleniumWDFirstProject.TestNGConcept -->
      <class name="SeleniumFirstProject.SeleniumWDFirstProject.TestNGDependOnMenthod">
        <test-method status="FAIL" signature="test1()[pri:0, instance:SeleniumFirstProject.SeleniumWDFirstProject.TestNGDependOnMenthod@724af044]" name="test1" duration-ms="5" started-at="2018-07-02T21:42:48Z" finished-at="2018-07-02T21:42:48Z">
          <exception class="java.lang.ArithmeticException">
            <message>
              <![CDATA[/ by zero]]>
            </message>
            <full-stacktrace>
              <![CDATA[java.lang.ArithmeticException: / by zero
	at SeleniumFirstProject.SeleniumWDFirstProject.TestNGDependOnMenthod.test1(TestNGDependOnMenthod.java:9)
	at sun.reflect.NativeMethodAccessorImpl.invoke0(Native Method)
	at sun.reflect.NativeMethodAccessorImpl.invoke(NativeMethodAccessorImpl.java:62)
	at sun.reflect.DelegatingMethodAccessorImpl.invoke(DelegatingMethodAccessorImpl.java:43)
	at java.lang.reflect.Method.invoke(Method.java:498)
	at org.testng.internal.MethodInvocationHelper.invokeMethod(MethodInvocationHelper.java:104)
	at org.testng.internal.Invoker.invokeMethod(Invoker.java:645)
	at org.testng.internal.Invoker.invokeTestMethod(Invoker.java:851)
	at org.testng.internal.Invoker.invokeTestMethods(Invoker.java:1177)
	at org.testng.internal.TestMethodWorker.invokeTestMethods(TestMethodWorker.java:129)
	at org.testng.internal.TestMethodWorker.run(TestMethodWorker.java:112)
	at org.testng.TestRunner.privateRun(TestRunner.java:756)
	at org.testng.TestRunner.run(TestRunner.java:610)
	at org.testng.SuiteRunner.runTest(SuiteRunner.java:387)
	at org.testng.SuiteRunner.runSequentially(SuiteRunner.java:382)
	at org.testng.SuiteRunner.privateRun(SuiteRunner.java:340)
	at org.testng.SuiteRunner.run(SuiteRunner.java:289)
	at org.testng.SuiteRunnerWorker.runSuite(SuiteRunnerWorker.java:52)
	at org.testng.SuiteRunnerWorker.run(SuiteRunnerWorker.java:86)
	at org.testng.TestNG.runSuitesSequentially(TestNG.java:1293)
	at org.testng.TestNG.runSuitesLocally(TestNG.java:1218)
	at org.testng.TestNG.runSuites(TestNG.java:1133)
	at org.testng.TestNG.run(TestNG.java:1104)
	at org.testng.remote.AbstractRemoteTestNG.run(AbstractRemoteTestNG.java:114)
	at org.testng.remote.RemoteTestNG.initAndRun(RemoteTestNG.java:251)
	at org.testng.remote.RemoteTestNG.main(RemoteTestNG.java:77)
]]>
            </full-stacktrace>
          </exception> <!-- java.lang.ArithmeticException -->
          <reporter-output>
          </reporter-output>
        </test-method> <!-- test1 -->
        <test-method status="SKIP" signature="test2()[pri:0, instance:SeleniumFirstProject.SeleniumWDFirstProject.TestNGDependOnMenthod@724af044]" name="test2" duration-ms="0" started-at="2018-07-02T21:42:48Z" depends-on-methods="SeleniumFirstProject.SeleniumWDFirstProject.TestNGDependOnMenthod.test1" finished-at="2018-07-02T21:42:48Z">
          <exception class="java.lang.Throwable">
            <message>
              <![CDATA[Method TestNGDependOnMenthod.test2()[pri:0, instance:SeleniumFirstProject.SeleniumWDFirstProject.TestNGDependOnMenthod@724af044] depends on not successfully finished methods]]>
            </message>
            <full-stacktrace>
              <![CDATA[java.lang.Throwable: Method TestNGDependOnMenthod.test2()[pri:0, instance:SeleniumFirstProject.SeleniumWDFirstProject.TestNGDependOnMenthod@724af044] depends on not successfully finished methods
	at org.testng.internal.Invoker.invokeTestMethods(Invoker.java:1068)
	at org.testng.internal.TestMethodWorker.invokeTestMethods(TestMethodWorker.java:129)
	at org.testng.internal.TestMethodWorker.run(TestMethodWorker.java:112)
	at org.testng.TestRunner.privateRun(TestRunner.java:756)
	at org.testng.TestRunner.run(TestRunner.java:610)
	at org.testng.SuiteRunner.runTest(SuiteRunner.java:387)
	at org.testng.SuiteRunner.runSequentially(SuiteRunner.java:382)
	at org.testng.SuiteRunner.privateRun(SuiteRunner.java:340)
	at org.testng.SuiteRunner.run(SuiteRunner.java:289)
	at org.testng.SuiteRunnerWorker.runSuite(SuiteRunnerWorker.java:52)
	at org.testng.SuiteRunnerWorker.run(SuiteRunnerWorker.java:86)
	at org.testng.TestNG.runSuitesSequentially(TestNG.java:1293)
	at org.testng.TestNG.runSuitesLocally(TestNG.java:1218)
	at org.testng.TestNG.runSuites(TestNG.java:1133)
	at org.testng.TestNG.run(TestNG.java:1104)
	at org.testng.remote.AbstractRemoteTestNG.run(AbstractRemoteTestNG.java:114)
	at org.testng.remote.RemoteTestNG.initAndRun(RemoteTestNG.java:251)
	at org.testng.remote.RemoteTestNG.main(RemoteTestNG.java:77)
]]>
            </full-stacktrace>
          </exception> <!-- java.lang.Throwable -->
          <reporter-output>
          </reporter-output>
        </test-method> <!-- test2 -->
      </class> <!-- SeleniumFirstProject.SeleniumWDFirstProject.TestNGDependOnMenthod -->
      <class name="SeleniumFirstProject.SeleniumWDFirstProject.GoogleTest">
        <test-method status="PASS" signature="setUp()[pri:0, instance:SeleniumFirstProject.SeleniumWDFirstProject.GoogleTest@39aeed2f]" name="setUp" is-config="true" duration-ms="8075" started-at="2018-07-02T21:42:48Z" finished-at="2018-07-02T21:42:56Z">
          <reporter-output>
          </reporter-output>
        </test-method> <!-- setUp -->
        <test-method status="PASS" signature="getTitle()[pri:1, instance:SeleniumFirstProject.SeleniumWDFirstProject.GoogleTest@39aeed2f]" name="getTitle" duration-ms="18" started-at="2018-07-02T21:42:56Z" finished-at="2018-07-02T21:42:56Z">
          <reporter-output>
          </reporter-output>
        </test-method> <!-- getTitle -->
        <test-method status="PASS" signature="tearDown(org.testng.ITestResult)[pri:0, instance:SeleniumFirstProject.SeleniumWDFirstProject.GoogleTest@39aeed2f]" name="tearDown" is-config="true" duration-ms="674" started-at="2018-07-02T21:42:56Z" finished-at="2018-07-02T21:42:57Z">
          <params>
            <param index="0">
              <value>
                <![CDATA[[TestResult name=getTitle status=SUCCESS method=GoogleTest.getTitle()[pri:1, instance:SeleniumFirstProject.SeleniumWDFirstProject.GoogleTest@39aeed2f] output={null}]]]>
              </value>
            </param>
          </params>
          <reporter-output>
          </reporter-output>
        </test-method> <!-- tearDown -->
        <test-method status="PASS" signature="setUp()[pri:0, instance:SeleniumFirstProject.SeleniumWDFirstProject.GoogleTest@39aeed2f]" name="setUp" is-config="true" duration-ms="8404" started-at="2018-07-02T21:42:57Z" finished-at="2018-07-02T21:43:05Z">
          <reporter-output>
          </reporter-output>
        </test-method> <!-- setUp -->
        <test-method status="PASS" signature="getTitle()[pri:1, instance:SeleniumFirstProject.SeleniumWDFirstProject.GoogleTest@39aeed2f]" name="getTitle" duration-ms="16" started-at="2018-07-02T21:43:05Z" finished-at="2018-07-02T21:43:05Z">
          <reporter-output>
          </reporter-output>
        </test-method> <!-- getTitle -->
        <test-method status="PASS" signature="tearDown(org.testng.ITestResult)[pri:0, instance:SeleniumFirstProject.SeleniumWDFirstProject.GoogleTest@39aeed2f]" name="tearDown" is-config="true" duration-ms="691" started-at="2018-07-02T21:43:05Z" finished-at="2018-07-02T21:43:06Z">
          <params>
            <param index="0">
              <value>
                <![CDATA[[TestResult name=getTitle status=SUCCESS method=GoogleTest.getTitle()[pri:1, instance:SeleniumFirstProject.SeleniumWDFirstProject.GoogleTest@39aeed2f] output={null}]]]>
              </value>
            </param>
          </params>
          <reporter-output>
          </reporter-output>
        </test-method> <!-- tearDown -->
        <test-method status="PASS" signature="setUp()[pri:0, instance:SeleniumFirstProject.SeleniumWDFirstProject.GoogleTest@39aeed2f]" name="setUp" is-config="true" duration-ms="11937" started-at="2018-07-02T21:43:06Z" finished-at="2018-07-02T21:43:18Z">
          <reporter-output>
          </reporter-output>
        </test-method> <!-- setUp -->
        <test-method status="PASS" signature="getTitle()[pri:1, instance:SeleniumFirstProject.SeleniumWDFirstProject.GoogleTest@39aeed2f]" name="getTitle" duration-ms="17" started-at="2018-07-02T21:43:18Z" finished-at="2018-07-02T21:43:18Z">
          <reporter-output>
          </reporter-output>
        </test-method> <!-- getTitle -->
        <test-method status="PASS" signature="tearDown(org.testng.ITestResult)[pri:0, instance:SeleniumFirstProject.SeleniumWDFirstProject.GoogleTest@39aeed2f]" name="tearDown" is-config="true" duration-ms="680" started-at="2018-07-02T21:43:18Z" finished-at="2018-07-02T21:43:18Z">
          <params>
            <param index="0">
              <value>
                <![CDATA[[TestResult name=getTitle status=SUCCESS method=GoogleTest.getTitle()[pri:1, instance:SeleniumFirstProject.SeleniumWDFirstProject.GoogleTest@39aeed2f] output={null}]]]>
              </value>
            </param>
          </params>
          <reporter-output>
          </reporter-output>
        </test-method> <!-- tearDown -->
        <test-method status="PASS" signature="setUp()[pri:0, instance:SeleniumFirstProject.SeleniumWDFirstProject.GoogleTest@39aeed2f]" name="setUp" is-config="true" duration-ms="13402" started-at="2018-07-02T21:43:18Z" finished-at="2018-07-02T21:43:32Z">
          <reporter-output>
          </reporter-output>
        </test-method> <!-- setUp -->
        <test-method status="PASS" signature="gmailLinkTest()[pri:2, instance:SeleniumFirstProject.SeleniumWDFirstProject.GoogleTest@39aeed2f]" name="gmailLinkTest" duration-ms="95" started-at="2018-07-02T21:43:32Z" finished-at="2018-07-02T21:43:32Z">
          <reporter-output>
          </reporter-output>
        </test-method> <!-- gmailLinkTest -->
        <test-method status="PASS" signature="tearDown(org.testng.ITestResult)[pri:0, instance:SeleniumFirstProject.SeleniumWDFirstProject.GoogleTest@39aeed2f]" name="tearDown" is-config="true" duration-ms="673" started-at="2018-07-02T21:43:32Z" finished-at="2018-07-02T21:43:33Z">
          <params>
            <param index="0">
              <value>
                <![CDATA[[TestResult name=gmailLinkTest status=SUCCESS method=GoogleTest.gmailLinkTest()[pri:2, instance:SeleniumFirstProject.SeleniumWDFirstProject.GoogleTest@39aeed2f] output={null}]]]>
              </value>
            </param>
          </params>
          <reporter-output>
          </reporter-output>
        </test-method> <!-- tearDown -->
        <test-method status="PASS" signature="setUp()[pri:0, instance:SeleniumFirstProject.SeleniumWDFirstProject.GoogleTest@39aeed2f]" name="setUp" is-config="true" duration-ms="15373" started-at="2018-07-02T21:43:33Z" finished-at="2018-07-02T21:43:48Z">
          <reporter-output>
          </reporter-output>
        </test-method> <!-- setUp -->
        <test-method status="PASS" signature="googleLogoTest()[pri:3, instance:SeleniumFirstProject.SeleniumWDFirstProject.GoogleTest@39aeed2f]" name="googleLogoTest" duration-ms="88" started-at="2018-07-02T21:43:48Z" finished-at="2018-07-02T21:43:48Z">
          <reporter-output>
          </reporter-output>
        </test-method> <!-- googleLogoTest -->
        <test-method status="PASS" signature="tearDown(org.testng.ITestResult)[pri:0, instance:SeleniumFirstProject.SeleniumWDFirstProject.GoogleTest@39aeed2f]" name="tearDown" is-config="true" duration-ms="697" started-at="2018-07-02T21:43:48Z" finished-at="2018-07-02T21:43:49Z">
          <params>
            <param index="0">
              <value>
                <![CDATA[[TestResult name=googleLogoTest status=SUCCESS method=GoogleTest.googleLogoTest()[pri:3, instance:SeleniumFirstProject.SeleniumWDFirstProject.GoogleTest@39aeed2f] output={null}]]]>
              </value>
            </param>
          </params>
          <reporter-output>
          </reporter-output>
        </test-method> <!-- tearDown -->
      </class> <!-- SeleniumFirstProject.SeleniumWDFirstProject.GoogleTest -->
      <class name="SeleniumFirstProject.SeleniumWDFirstProject.ExceptionTimeOutTest">
        <test-method status="PASS" signature="NoFormatexceptionTest()[pri:0, instance:SeleniumFirstProject.SeleniumWDFirstProject.ExceptionTimeOutTest@5c7fa833]" name="NoFormatexceptionTest" duration-ms="3" started-at="2018-07-02T21:42:48Z" finished-at="2018-07-02T21:42:48Z">
          <exception class="java.lang.NumberFormatException">
            <message>
              <![CDATA[For input string: "100A"]]>
            </message>
            <full-stacktrace>
              <![CDATA[java.lang.NumberFormatException: For input string: "100A"
	at java.lang.NumberFormatException.forInputString(NumberFormatException.java:65)
	at java.lang.Integer.parseInt(Integer.java:580)
	at java.lang.Integer.parseInt(Integer.java:615)
	at SeleniumFirstProject.SeleniumWDFirstProject.ExceptionTimeOutTest.NoFormatexceptionTest(ExceptionTimeOutTest.java:17)
	at sun.reflect.NativeMethodAccessorImpl.invoke0(Native Method)
	at sun.reflect.NativeMethodAccessorImpl.invoke(NativeMethodAccessorImpl.java:62)
	at sun.reflect.DelegatingMethodAccessorImpl.invoke(DelegatingMethodAccessorImpl.java:43)
	at java.lang.reflect.Method.invoke(Method.java:498)
	at org.testng.internal.MethodInvocationHelper.invokeMethod(MethodInvocationHelper.java:104)
	at org.testng.internal.Invoker.invokeMethod(Invoker.java:645)
	at org.testng.internal.Invoker.invokeTestMethod(Invoker.java:851)
	at org.testng.internal.Invoker.invokeTestMethods(Invoker.java:1177)
	at org.testng.internal.TestMethodWorker.invokeTestMethods(TestMethodWorker.java:129)
	at org.testng.internal.TestMethodWorker.run(TestMethodWorker.java:112)
	at org.testng.TestRunner.privateRun(TestRunner.java:756)
	at org.testng.TestRunner.run(TestRunner.java:610)
	at org.testng.SuiteRunner.runTest(SuiteRunner.java:387)
	at org.testng.SuiteRunner.runSequentially(SuiteRunner.java:382)
	at org.testng.SuiteRunner.privateRun(SuiteRunner.java:340)
	at org.testng.SuiteRunner.run(SuiteRunner.java:289)
	at org.testng.SuiteRunnerWorker.runSuite(SuiteRunnerWorker.java:52)
	at org.testng.SuiteRunnerWorker.run(SuiteRunnerWorker.java:86)
	at org.testng.TestNG.runSuitesSequentially(TestNG.java:1293)
	at org.testng.TestNG.runSuitesLocally(TestNG.java:1218)
	at org.testng.TestNG.runSuites(TestNG.java:1133)
	at org.testng.TestNG.run(TestNG.java:1104)
	at org.testng.remote.AbstractRemoteTestNG.run(AbstractRemoteTestNG.java:114)
	at org.testng.remote.RemoteTestNG.initAndRun(RemoteTestNG.java:251)
	at org.testng.remote.RemoteTestNG.main(RemoteTestNG.java:77)
]]>
            </full-stacktrace>
          </exception> <!-- java.lang.NumberFormatException -->
          <reporter-output>
          </reporter-output>
        </test-method> <!-- NoFormatexceptionTest -->
        <test-method status="PASS" signature="enableTest()[pri:0, instance:SeleniumFirstProject.SeleniumWDFirstProject.ExceptionTimeOutTest@5c7fa833]" name="enableTest" duration-ms="3" started-at="2018-07-02T21:42:48Z" finished-at="2018-07-02T21:42:48Z">
          <reporter-output>
          </reporter-output>
        </test-method> <!-- enableTest -->
      </class> <!-- SeleniumFirstProject.SeleniumWDFirstProject.ExceptionTimeOutTest -->
    </test> <!-- MyFirstTest -->
  </suite> <!-- MyFirstSuite -->
</testng-results>
